Reading netlist file: "D:\FPGA\Project\Contest2026\FPGA\impl\gwsynthesis\ContestFPGA.vg"
Parsing netlist file "D:\FPGA\Project\Contest2026\FPGA\impl\gwsynthesis\ContestFPGA.vg" completed
Processing netlist completed
Reading constraint file: "D:\FPGA\Project\Contest2026\FPGA\src\ContestFPGA.cst"
Physical Constraint parsed completed
Running placement......
[10%] Placement Phase 0 completed
[20%] Placement Phase 1 completed
[30%] Placement Phase 2 completed
WARN  (TA1132) :  'tck_pad_i' was determined to be a clock but was not created.
[50%] Placement Phase 3 completed
Running routing......
[60%] Routing Phase 0 completed
[70%] Routing Phase 1 completed
[80%] Routing Phase 2 completed
WARN  (PR1014) : Generic routing resource will be used to clock signal 'clk_d' by the specified constraint. And then it may lead to the excessive delay or skew
[90%] Routing Phase 3 completed
Running timing analysis......
[95%] Timing analysis completed
Placement and routing completed
Bitstream generation in progress......
Bitstream generation completed
Running power analysis......
[100%] Power analysis completed
Generate file "D:\FPGA\Project\Contest2026\FPGA\impl\pnr\ContestFPGA.power.html" completed
Generate file "D:\FPGA\Project\Contest2026\FPGA\impl\pnr\ContestFPGA.pin.html" completed
Generate file "D:\FPGA\Project\Contest2026\FPGA\impl\pnr\ContestFPGA.rpt.html" completed
Generate file "D:\FPGA\Project\Contest2026\FPGA\impl\pnr\ContestFPGA.rpt.txt" completed
Generate file "D:\FPGA\Project\Contest2026\FPGA\impl\pnr\ContestFPGA.tr.html" completed
Sat Apr 25 16:38:19 2026

