


ARM Macro Assembler    Page 1 


    1 00000000         ;/******************************************************
                       ************************
    2 00000000         ; * @file     startup_SN32F400.s
    3 00000000         ; * @brief    CMSIS Cortex-M0 Core Device Startup File
    4 00000000         ; *           for the SONIX SN32F400 Device Series
    5 00000000         ; * @version  V1.0.2
    6 00000000         ; * @date     Sep 2024
    7 00000000         ; *------- <<< Use Configuration Wizard in Context Menu 
                       >>> ------------------
    8 00000000         ; *
    9 00000000         ; * @note
   10 00000000         ; * Copyright (C) 2022-2024 ARM Limited. All rights rese
                       rved.
   11 00000000         ; *
   12 00000000         ; * @par
   13 00000000         ; * ARM Limited (ARM) is supplying this software for use
                        with Cortex-M 
   14 00000000         ; * processor based microcontrollers.  This file can be 
                       freely distributed 
   15 00000000         ; * within development tools that are supporting such AR
                       M based processors. 
   16 00000000         ; *
   17 00000000         ; * @par
   18 00000000         ; * THIS SOFTWARE IS PROVIDED "AS IS".  NO WARRANTIES, W
                       HETHER EXPRESS, IMPLIED
   19 00000000         ; * OR STATUTORY, INCLUDING, BUT NOT LIMITED TO, IMPLIED
                        WARRANTIES OF
   20 00000000         ; * MERCHANTABILITY AND FITNESS FOR A PARTICULAR PURPOSE
                        APPLY TO THIS SOFTWARE.
   21 00000000         ; * ARM SHALL NOT, IN ANY CIRCUMSTANCES, BE LIABLE FOR S
                       PECIAL, INCIDENTAL, OR
   22 00000000         ; * CONSEQUENTIAL DAMAGES, FOR ANY REASON WHATSOEVER.
   23 00000000         ; *
   24 00000000         ; ******************************************************
                       ************************/
   25 00000000         
   26 00000000         
   27 00000000         ; <h> Stack Configuration
   28 00000000         ;   <o> Stack Size (in Bytes) <0x0-0xFFFFFFFF:8>
   29 00000000         ; </h>
   30 00000000         
   31 00000000 00000200 
                       Stack_Size
                               EQU              0x00000200
   32 00000000         
   33 00000000                 AREA             STACK, NOINIT, READWRITE, ALIGN
=3
   34 00000000         Stack_Mem
                               SPACE            Stack_Size
   35 00000200         __initial_sp
   36 00000200         
   37 00000200         
   38 00000200         ; <h> Heap Configuration
   39 00000200         ;   <o>  Heap Size (in Bytes) <0x0-0xFFFFFFFF:8>
   40 00000200         ; </h>
   41 00000200         
   42 00000200 00000000 
                       Heap_Size
                               EQU              0x00000000



ARM Macro Assembler    Page 2 


   43 00000200         
   44 00000200                 AREA             HEAP, NOINIT, READWRITE, ALIGN=
3
   45 00000000         __heap_base
   46 00000000         Heap_Mem
                               SPACE            Heap_Size
   47 00000000         __heap_limit
   48 00000000         
   49 00000000         
   50 00000000                 PRESERVE8
   51 00000000                 THUMB
   52 00000000         
   53 00000000         
   54 00000000         ; Vector Table Mapped to Address 0 at Reset
   55 00000000         
   56 00000000                 AREA             RESET, DATA, READONLY
   57 00000000                 EXPORT           __Vectors
   58 00000000         
   59 00000000 00000000 
                       __Vectors
                               DCD              __initial_sp ; Top of Stack
   60 00000004 00000000        DCD              Reset_Handler ; Reset Handler
   61 00000008 00000000        DCD              NMI_Handler ; NMI Handler
   62 0000000C 00000000        DCD              HardFault_Handler ; Hard Fault 
                                                            Handler
   63 00000010 00000000        DCD              0           ; Reserved
   64 00000014 00000000        DCD              0           ; Reserved
   65 00000018 00000000        DCD              0           ; Reserved
   66 0000001C 00000000        DCD              0           ; Reserved
   67 00000020 00000000        DCD              0           ; Reserved
   68 00000024 00000000        DCD              0           ; Reserved
   69 00000028 00000000        DCD              0           ; Reserved
   70 0000002C 00000000        DCD              SVC_Handler ; SVCall Handler
   71 00000030 00000000        DCD              0           ; Reserved
   72 00000034 00000000        DCD              0           ; Reserved
   73 00000038 00000000        DCD              PendSV_Handler ; PendSV Handler
                                                            
   74 0000003C 00000000        DCD              SysTick_Handler 
                                                            ; SysTick Handler
   75 00000040         
   76 00000040         ; External Interrupts
   77 00000040 00000000        DCD              NDT_IRQHandler ; 16+ 0: NDT
   78 00000044 00000000        DCD              DMA_IRQHandler ; 16+ 1: DMA
   79 00000048 00000000        DCD              CMP3_IRQHandler ; 16+ 2: CAN0
   80 0000004C 00000000        DCD              0           ; 16+ 3: CAN1
   81 00000050 00000000        DCD              0           ; 16+ 4: 16-bit Cou
                                                            nter-Timer 6
   82 00000054 00000000        DCD              0           ; 16+ 5: 16-bit Cou
                                                            nter-Timer 7
   83 00000058 00000000        DCD              SPI0_IRQHandler ; 16+ 6: SSP0
   84 0000005C 00000000        DCD              0           ; 16+ 7: SSP1
   85 00000060 00000000        DCD              0           ; 16+ 8: USART2
   86 00000064 00000000        DCD              0           ; 16+ 9: USART3
   87 00000068 00000000        DCD              I2C0_IRQHandler ; 16+10: I2C0
   88 0000006C 00000000        DCD              0           ; 16+11: I2C1
   89 00000070 00000000        DCD              CMP2_IRQHandler ; 16+12: CMP2  
                                                                          
   90 00000074 00000000        DCD              UART0_IRQHandler 
                                                            ; 16+13: USART0



ARM Macro Assembler    Page 3 


   91 00000078 00000000        DCD              UART1_IRQHandler 
                                                            ; 16+14: USART1
   92 0000007C 00000000        DCD              CT16B0_IRQHandler ; 16+15: 16-b
                                                            it Counter-Timer 0
   93 00000080 00000000        DCD              CT16B1_IRQHandler ; 16+16: 16-b
                                                            it Counter-Timer 1
   94 00000084 00000000        DCD              SQRT_IRQHandler ; 16+17: SQRT
   95 00000088 00000000        DCD              CMP1_IRQHandler ; 16+18: CMP1
   96 0000008C 00000000        DCD              ATAN_IRQHandler ; 16+19: ATAN
   97 00000090 00000000        DCD              DIV_IRQHandler ; 16+20: DIV
   98 00000094 00000000        DCD              CT16B5_IRQHandler ; 16+21: 16-b
                                                            it Counter-Timer 5
   99 00000098 00000000        DCD              FOC_IRQHandler ; 16+22: FOC
  100 0000009C 00000000        DCD              RTC_IRQHandler ; 16+23: RTC
  101 000000A0 00000000        DCD              ADC_IRQHandler ; 16+24: A/D Con
                                                            verter
  102 000000A4 00000000        DCD              WDT_IRQHandler ; 16+25: Watchdo
                                                            g Timer            
                                                                
  103 000000A8 00000000        DCD              LVD_IRQHandler ; 16+26: Low Vol
                                                            tage Detect
  104 000000AC 00000000        DCD              CMP0_IRQHandler ; 16+27: CMP0
  105 000000B0 00000000        DCD              P3_IRQHandler ; 16+28: PIO INT3
                                                            
  106 000000B4 00000000        DCD              P2_IRQHandler ; 16+29: PIO INT2
                                                            
  107 000000B8 00000000        DCD              P1_IRQHandler ; 16+30: PIO INT1
                                                            
  108 000000BC 00000000        DCD              P0_IRQHandler ; 16+31: PIO INT0
                                                            
  109 000000C0         
  110 000000C0                 AREA             |.ARM.__at_0x00007FFC|, CODE, R
EADONLY 
                                                            ;AREA CODE;    Defi
                                                            ne,CODE,READONLY
  111 00000000         ;0x07FFC
  112 00000000 AAAA5555        DCD              0xAAAA5555  ; 
  113 00000004         ; ISP_MODE_FLAG = 0xAAAA5555 for USER MODE
  114 00000004         
  115 00000004                 AREA             |.text|, CODE, READONLY
  116 00000000         
  117 00000000         ; Reset Handler
  118 00000000         
  119 00000000         Reset_Handler
                               PROC
  120 00000000                 EXPORT           Reset_Handler   [WEAK]
  121 00000000         ;;;;;;;;;;;;;;;;;;;;;;;;;;;;;
  122 00000000         
  123 00000000         ;;;;;;;;;;;;;;;;;;;;;;;;;;;;;
  124 00000000         ;IMPORT  SystemInit
  125 00000000                 IMPORT           __main
  126 00000000         ;LDR     R0, =SystemInit
  127 00000000         ;BLX     R0
  128 00000000 4806            LDR              R0, =__main
  129 00000002 4700            BX               R0
  130 00000004                 ENDP
  131 00000004         
  132 00000004         
  133 00000004         ; Dummy Exception Handlers (infinite loops which can be 



ARM Macro Assembler    Page 4 


                       modified)                
  134 00000004         
  135 00000004         NMI_Handler
                               PROC
  136 00000004                 EXPORT           NMI_Handler    [WEAK]
  137 00000004 E7FE            B                .
  138 00000006                 ENDP
  139 00000006         HardFault_Handler
                               PROC
  140 00000006                 EXPORT           HardFault_Handler  [WEAK]
  141 00000006 E7FE            B                .
  142 00000008                 ENDP
  143 00000008         SVC_Handler
                               PROC
  144 00000008                 EXPORT           SVC_Handler    [WEAK]
  145 00000008 E7FE            B                .
  146 0000000A                 ENDP
  147 0000000A         PendSV_Handler
                               PROC
  148 0000000A                 EXPORT           PendSV_Handler   [WEAK]
  149 0000000A E7FE            B                .
  150 0000000C                 ENDP
  151 0000000C         SysTick_Handler
                               PROC
  152 0000000C                 EXPORT           SysTick_Handler   [WEAK]
  153 0000000C E7FE            B                .
  154 0000000E                 ENDP
  155 0000000E         Default_Handler
                               PROC
  156 0000000E                 EXPORT           NDT_IRQHandler    [WEAK]
  157 0000000E                 EXPORT           DMA_IRQHandler    [WEAK]
  158 0000000E                 EXPORT           CMP3_IRQHandler    [WEAK]
  159 0000000E                 EXPORT           SPI0_IRQHandler    [WEAK]
  160 0000000E                 EXPORT           I2C0_IRQHandler    [WEAK]
  161 0000000E                 EXPORT           CMP2_IRQHandler    [WEAK]
  162 0000000E                 EXPORT           UART0_IRQHandler   [WEAK]
  163 0000000E                 EXPORT           UART1_IRQHandler   [WEAK]
  164 0000000E                 EXPORT           CT16B0_IRQHandler   [WEAK]
  165 0000000E                 EXPORT           CT16B1_IRQHandler   [WEAK]
  166 0000000E                 EXPORT           SQRT_IRQHandler    [WEAK]
  167 0000000E                 EXPORT           CMP1_IRQHandler    [WEAK]
  168 0000000E                 EXPORT           ATAN_IRQHandler    [WEAK]
  169 0000000E                 EXPORT           DIV_IRQHandler    [WEAK]
  170 0000000E                 EXPORT           CT16B5_IRQHandler   [WEAK]
  171 0000000E                 EXPORT           FOC_IRQHandler    [WEAK]
  172 0000000E                 EXPORT           RTC_IRQHandler    [WEAK]
  173 0000000E                 EXPORT           ADC_IRQHandler    [WEAK]
  174 0000000E                 EXPORT           WDT_IRQHandler    [WEAK]
  175 0000000E                 EXPORT           LVD_IRQHandler    [WEAK]
  176 0000000E                 EXPORT           CMP0_IRQHandler    [WEAK]
  177 0000000E                 EXPORT           P3_IRQHandler    [WEAK]
  178 0000000E                 EXPORT           P2_IRQHandler    [WEAK]
  179 0000000E                 EXPORT           P1_IRQHandler    [WEAK]
  180 0000000E                 EXPORT           P0_IRQHandler    [WEAK]
  181 0000000E         
  182 0000000E         NDT_IRQHandler
  183 0000000E         DMA_IRQHandler
  184 0000000E         CMP3_IRQHandler
  185 0000000E         SPI0_IRQHandler



ARM Macro Assembler    Page 5 


  186 0000000E         I2C0_IRQHandler
  187 0000000E         CMP2_IRQHandler
  188 0000000E         UART0_IRQHandler
  189 0000000E         UART1_IRQHandler
  190 0000000E         CT16B0_IRQHandler
  191 0000000E         CT16B1_IRQHandler
  192 0000000E         SQRT_IRQHandler
  193 0000000E         CMP1_IRQHandler
  194 0000000E         ATAN_IRQHandler
  195 0000000E         DIV_IRQHandler
  196 0000000E         CT16B5_IRQHandler
  197 0000000E         FOC_IRQHandler
  198 0000000E         RTC_IRQHandler
  199 0000000E         ADC_IRQHandler
  200 0000000E         WDT_IRQHandler
  201 0000000E         LVD_IRQHandler
  202 0000000E         CMP0_IRQHandler
  203 0000000E         P3_IRQHandler
  204 0000000E         P2_IRQHandler
  205 0000000E         P1_IRQHandler
  206 0000000E         P0_IRQHandler
  207 0000000E         
  208 0000000E E7FE            B                .
  209 00000010         
  210 00000010                 ENDP
  211 00000010         
  212 00000010         
  213 00000010                 ALIGN
  214 00000010         
  215 00000010         
  216 00000010         ; User Initial Stack & Heap
  217 00000010         
  218 00000010                 IF               :DEF:__MICROLIB
  225 00000010         
  226 00000010                 IMPORT           __use_two_region_memory
  227 00000010                 EXPORT           __user_initial_stackheap
  228 00000010         __user_initial_stackheap
  229 00000010         
  230 00000010 4803            LDR              R0, =  Heap_Mem
  231 00000012 4904            LDR              R1, =(Stack_Mem + Stack_Size)
  232 00000014 4A02            LDR              R2, = (Heap_Mem +  Heap_Size)
  233 00000016 4B04            LDR              R3, = Stack_Mem
  234 00000018 4770            BX               LR
  235 0000001A         
  236 0000001A 00 00           ALIGN
  237 0000001C         
  238 0000001C                 ENDIF
  239 0000001C         
  240 0000001C         
  241 0000001C                 END
              00000000 
              00000000 
              00000200 
              00000000 
Command Line: --debug --xref --diag_suppress=9931,A1950W --cpu=Cortex-M0 --depe
nd=.\objects\startup_sn32f400.d -o.\objects\startup_sn32f400.o -I.\RTE\_Target_
1 -IC:\KeilC\ARM\CMSIS\6.3.0\CMSIS\Core\Include -IC:\KeilC\SONiX\SN32F4_DFP\1.1
.1\Device\Include --predefine="__EVAL SETA 1" --predefine="__UVISION_VERSION SE
TA 543" --predefine="SN32F400 SETA 1" --predefine="_RTE_ SETA 1" --list=.\listi



ARM Macro Assembler    Page 6 


ngs\startup_sn32f400.lst RTE/Device/SN32F407F/startup_SN32F400.s



ARM Macro Assembler    Page 1 Alphabetic symbol ordering
Relocatable symbols

STACK 00000000

Symbol: STACK
   Definitions
      At line 33 in file RTE/Device/SN32F407F/startup_SN32F400.s
   Uses
      None
Comment: STACK unused
Stack_Mem 00000000

Symbol: Stack_Mem
   Definitions
      At line 34 in file RTE/Device/SN32F407F/startup_SN32F400.s
   Uses
      At line 231 in file RTE/Device/SN32F407F/startup_SN32F400.s
      At line 233 in file RTE/Device/SN32F407F/startup_SN32F400.s

__initial_sp 00000200

Symbol: __initial_sp
   Definitions
      At line 35 in file RTE/Device/SN32F407F/startup_SN32F400.s
   Uses
      At line 59 in file RTE/Device/SN32F407F/startup_SN32F400.s
Comment: __initial_sp used once
3 symbols



ARM Macro Assembler    Page 1 Alphabetic symbol ordering
Relocatable symbols

HEAP 00000000

Symbol: HEAP
   Definitions
      At line 44 in file RTE/Device/SN32F407F/startup_SN32F400.s
   Uses
      None
Comment: HEAP unused
Heap_Mem 00000000

Symbol: Heap_Mem
   Definitions
      At line 46 in file RTE/Device/SN32F407F/startup_SN32F400.s
   Uses
      At line 230 in file RTE/Device/SN32F407F/startup_SN32F400.s
      At line 232 in file RTE/Device/SN32F407F/startup_SN32F400.s

__heap_base 00000000

Symbol: __heap_base
   Definitions
      At line 45 in file RTE/Device/SN32F407F/startup_SN32F400.s
   Uses
      None
Comment: __heap_base unused
__heap_limit 00000000

Symbol: __heap_limit
   Definitions
      At line 47 in file RTE/Device/SN32F407F/startup_SN32F400.s
   Uses
      None
Comment: __heap_limit unused
4 symbols



ARM Macro Assembler    Page 1 Alphabetic symbol ordering
Relocatable symbols

RESET 00000000

Symbol: RESET
   Definitions
      At line 56 in file RTE/Device/SN32F407F/startup_SN32F400.s
   Uses
      None
Comment: RESET unused
__Vectors 00000000

Symbol: __Vectors
   Definitions
      At line 59 in file RTE/Device/SN32F407F/startup_SN32F400.s
   Uses
      At line 57 in file RTE/Device/SN32F407F/startup_SN32F400.s
Comment: __Vectors used once
2 symbols



ARM Macro Assembler    Page 1 Alphabetic symbol ordering
Relocatable symbols

.ARM.__at_0x00007FFC 00000000

Symbol: .ARM.__at_0x00007FFC
   Definitions
      At line 110 in file RTE/Device/SN32F407F/startup_SN32F400.s
   Uses
      None
Comment: .ARM.__at_0x00007FFC unused
1 symbol



ARM Macro Assembler    Page 1 Alphabetic symbol ordering
Relocatable symbols

.text 00000000

Symbol: .text
   Definitions
      At line 115 in file RTE/Device/SN32F407F/startup_SN32F400.s
   Uses
      None
Comment: .text unused
ADC_IRQHandler 0000000E

Symbol: ADC_IRQHandler
   Definitions
      At line 199 in file RTE/Device/SN32F407F/startup_SN32F400.s
   Uses
      At line 101 in file RTE/Device/SN32F407F/startup_SN32F400.s
      At line 173 in file RTE/Device/SN32F407F/startup_SN32F400.s

ATAN_IRQHandler 0000000E

Symbol: ATAN_IRQHandler
   Definitions
      At line 194 in file RTE/Device/SN32F407F/startup_SN32F400.s
   Uses
      At line 96 in file RTE/Device/SN32F407F/startup_SN32F400.s
      At line 168 in file RTE/Device/SN32F407F/startup_SN32F400.s

CMP0_IRQHandler 0000000E

Symbol: CMP0_IRQHandler
   Definitions
      At line 202 in file RTE/Device/SN32F407F/startup_SN32F400.s
   Uses
      At line 104 in file RTE/Device/SN32F407F/startup_SN32F400.s
      At line 176 in file RTE/Device/SN32F407F/startup_SN32F400.s

CMP1_IRQHandler 0000000E

Symbol: CMP1_IRQHandler
   Definitions
      At line 193 in file RTE/Device/SN32F407F/startup_SN32F400.s
   Uses
      At line 95 in file RTE/Device/SN32F407F/startup_SN32F400.s
      At line 167 in file RTE/Device/SN32F407F/startup_SN32F400.s

CMP2_IRQHandler 0000000E

Symbol: CMP2_IRQHandler
   Definitions
      At line 187 in file RTE/Device/SN32F407F/startup_SN32F400.s
   Uses
      At line 89 in file RTE/Device/SN32F407F/startup_SN32F400.s
      At line 161 in file RTE/Device/SN32F407F/startup_SN32F400.s

CMP3_IRQHandler 0000000E

Symbol: CMP3_IRQHandler
   Definitions
      At line 184 in file RTE/Device/SN32F407F/startup_SN32F400.s
   Uses



ARM Macro Assembler    Page 2 Alphabetic symbol ordering
Relocatable symbols

      At line 79 in file RTE/Device/SN32F407F/startup_SN32F400.s
      At line 158 in file RTE/Device/SN32F407F/startup_SN32F400.s

CT16B0_IRQHandler 0000000E

Symbol: CT16B0_IRQHandler
   Definitions
      At line 190 in file RTE/Device/SN32F407F/startup_SN32F400.s
   Uses
      At line 92 in file RTE/Device/SN32F407F/startup_SN32F400.s
      At line 164 in file RTE/Device/SN32F407F/startup_SN32F400.s

CT16B1_IRQHandler 0000000E

Symbol: CT16B1_IRQHandler
   Definitions
      At line 191 in file RTE/Device/SN32F407F/startup_SN32F400.s
   Uses
      At line 93 in file RTE/Device/SN32F407F/startup_SN32F400.s
      At line 165 in file RTE/Device/SN32F407F/startup_SN32F400.s

CT16B5_IRQHandler 0000000E

Symbol: CT16B5_IRQHandler
   Definitions
      At line 196 in file RTE/Device/SN32F407F/startup_SN32F400.s
   Uses
      At line 98 in file RTE/Device/SN32F407F/startup_SN32F400.s
      At line 170 in file RTE/Device/SN32F407F/startup_SN32F400.s

DIV_IRQHandler 0000000E

Symbol: DIV_IRQHandler
   Definitions
      At line 195 in file RTE/Device/SN32F407F/startup_SN32F400.s
   Uses
      At line 97 in file RTE/Device/SN32F407F/startup_SN32F400.s
      At line 169 in file RTE/Device/SN32F407F/startup_SN32F400.s

DMA_IRQHandler 0000000E

Symbol: DMA_IRQHandler
   Definitions
      At line 183 in file RTE/Device/SN32F407F/startup_SN32F400.s
   Uses
      At line 78 in file RTE/Device/SN32F407F/startup_SN32F400.s
      At line 157 in file RTE/Device/SN32F407F/startup_SN32F400.s

Default_Handler 0000000E

Symbol: Default_Handler
   Definitions
      At line 155 in file RTE/Device/SN32F407F/startup_SN32F400.s
   Uses
      None
Comment: Default_Handler unused
FOC_IRQHandler 0000000E

Symbol: FOC_IRQHandler



ARM Macro Assembler    Page 3 Alphabetic symbol ordering
Relocatable symbols

   Definitions
      At line 197 in file RTE/Device/SN32F407F/startup_SN32F400.s
   Uses
      At line 99 in file RTE/Device/SN32F407F/startup_SN32F400.s
      At line 171 in file RTE/Device/SN32F407F/startup_SN32F400.s

HardFault_Handler 00000006

Symbol: HardFault_Handler
   Definitions
      At line 139 in file RTE/Device/SN32F407F/startup_SN32F400.s
   Uses
      At line 62 in file RTE/Device/SN32F407F/startup_SN32F400.s
      At line 140 in file RTE/Device/SN32F407F/startup_SN32F400.s

I2C0_IRQHandler 0000000E

Symbol: I2C0_IRQHandler
   Definitions
      At line 186 in file RTE/Device/SN32F407F/startup_SN32F400.s
   Uses
      At line 87 in file RTE/Device/SN32F407F/startup_SN32F400.s
      At line 160 in file RTE/Device/SN32F407F/startup_SN32F400.s

LVD_IRQHandler 0000000E

Symbol: LVD_IRQHandler
   Definitions
      At line 201 in file RTE/Device/SN32F407F/startup_SN32F400.s
   Uses
      At line 103 in file RTE/Device/SN32F407F/startup_SN32F400.s
      At line 175 in file RTE/Device/SN32F407F/startup_SN32F400.s

NDT_IRQHandler 0000000E

Symbol: NDT_IRQHandler
   Definitions
      At line 182 in file RTE/Device/SN32F407F/startup_SN32F400.s
   Uses
      At line 77 in file RTE/Device/SN32F407F/startup_SN32F400.s
      At line 156 in file RTE/Device/SN32F407F/startup_SN32F400.s

NMI_Handler 00000004

Symbol: NMI_Handler
   Definitions
      At line 135 in file RTE/Device/SN32F407F/startup_SN32F400.s
   Uses
      At line 61 in file RTE/Device/SN32F407F/startup_SN32F400.s
      At line 136 in file RTE/Device/SN32F407F/startup_SN32F400.s

P0_IRQHandler 0000000E

Symbol: P0_IRQHandler
   Definitions
      At line 206 in file RTE/Device/SN32F407F/startup_SN32F400.s
   Uses
      At line 108 in file RTE/Device/SN32F407F/startup_SN32F400.s
      At line 180 in file RTE/Device/SN32F407F/startup_SN32F400.s



ARM Macro Assembler    Page 4 Alphabetic symbol ordering
Relocatable symbols


P1_IRQHandler 0000000E

Symbol: P1_IRQHandler
   Definitions
      At line 205 in file RTE/Device/SN32F407F/startup_SN32F400.s
   Uses
      At line 107 in file RTE/Device/SN32F407F/startup_SN32F400.s
      At line 179 in file RTE/Device/SN32F407F/startup_SN32F400.s

P2_IRQHandler 0000000E

Symbol: P2_IRQHandler
   Definitions
      At line 204 in file RTE/Device/SN32F407F/startup_SN32F400.s
   Uses
      At line 106 in file RTE/Device/SN32F407F/startup_SN32F400.s
      At line 178 in file RTE/Device/SN32F407F/startup_SN32F400.s

P3_IRQHandler 0000000E

Symbol: P3_IRQHandler
   Definitions
      At line 203 in file RTE/Device/SN32F407F/startup_SN32F400.s
   Uses
      At line 105 in file RTE/Device/SN32F407F/startup_SN32F400.s
      At line 177 in file RTE/Device/SN32F407F/startup_SN32F400.s

PendSV_Handler 0000000A

Symbol: PendSV_Handler
   Definitions
      At line 147 in file RTE/Device/SN32F407F/startup_SN32F400.s
   Uses
      At line 73 in file RTE/Device/SN32F407F/startup_SN32F400.s
      At line 148 in file RTE/Device/SN32F407F/startup_SN32F400.s

RTC_IRQHandler 0000000E

Symbol: RTC_IRQHandler
   Definitions
      At line 198 in file RTE/Device/SN32F407F/startup_SN32F400.s
   Uses
      At line 100 in file RTE/Device/SN32F407F/startup_SN32F400.s
      At line 172 in file RTE/Device/SN32F407F/startup_SN32F400.s

Reset_Handler 00000000

Symbol: Reset_Handler
   Definitions
      At line 119 in file RTE/Device/SN32F407F/startup_SN32F400.s
   Uses
      At line 60 in file RTE/Device/SN32F407F/startup_SN32F400.s
      At line 120 in file RTE/Device/SN32F407F/startup_SN32F400.s

SPI0_IRQHandler 0000000E

Symbol: SPI0_IRQHandler
   Definitions



ARM Macro Assembler    Page 5 Alphabetic symbol ordering
Relocatable symbols

      At line 185 in file RTE/Device/SN32F407F/startup_SN32F400.s
   Uses
      At line 83 in file RTE/Device/SN32F407F/startup_SN32F400.s
      At line 159 in file RTE/Device/SN32F407F/startup_SN32F400.s

SQRT_IRQHandler 0000000E

Symbol: SQRT_IRQHandler
   Definitions
      At line 192 in file RTE/Device/SN32F407F/startup_SN32F400.s
   Uses
      At line 94 in file RTE/Device/SN32F407F/startup_SN32F400.s
      At line 166 in file RTE/Device/SN32F407F/startup_SN32F400.s

SVC_Handler 00000008

Symbol: SVC_Handler
   Definitions
      At line 143 in file RTE/Device/SN32F407F/startup_SN32F400.s
   Uses
      At line 70 in file RTE/Device/SN32F407F/startup_SN32F400.s
      At line 144 in file RTE/Device/SN32F407F/startup_SN32F400.s

SysTick_Handler 0000000C

Symbol: SysTick_Handler
   Definitions
      At line 151 in file RTE/Device/SN32F407F/startup_SN32F400.s
   Uses
      At line 74 in file RTE/Device/SN32F407F/startup_SN32F400.s
      At line 152 in file RTE/Device/SN32F407F/startup_SN32F400.s

UART0_IRQHandler 0000000E

Symbol: UART0_IRQHandler
   Definitions
      At line 188 in file RTE/Device/SN32F407F/startup_SN32F400.s
   Uses
      At line 90 in file RTE/Device/SN32F407F/startup_SN32F400.s
      At line 162 in file RTE/Device/SN32F407F/startup_SN32F400.s

UART1_IRQHandler 0000000E

Symbol: UART1_IRQHandler
   Definitions
      At line 189 in file RTE/Device/SN32F407F/startup_SN32F400.s
   Uses
      At line 91 in file RTE/Device/SN32F407F/startup_SN32F400.s
      At line 163 in file RTE/Device/SN32F407F/startup_SN32F400.s

WDT_IRQHandler 0000000E

Symbol: WDT_IRQHandler
   Definitions
      At line 200 in file RTE/Device/SN32F407F/startup_SN32F400.s
   Uses
      At line 102 in file RTE/Device/SN32F407F/startup_SN32F400.s
      At line 174 in file RTE/Device/SN32F407F/startup_SN32F400.s




ARM Macro Assembler    Page 6 Alphabetic symbol ordering
Relocatable symbols

__user_initial_stackheap 00000010

Symbol: __user_initial_stackheap
   Definitions
      At line 228 in file RTE/Device/SN32F407F/startup_SN32F400.s
   Uses
      At line 227 in file RTE/Device/SN32F407F/startup_SN32F400.s
Comment: __user_initial_stackheap used once
34 symbols



ARM Macro Assembler    Page 1 Alphabetic symbol ordering
Absolute symbols

Heap_Size 00000000

Symbol: Heap_Size
   Definitions
      At line 42 in file RTE/Device/SN32F407F/startup_SN32F400.s
   Uses
      At line 46 in file RTE/Device/SN32F407F/startup_SN32F400.s
      At line 232 in file RTE/Device/SN32F407F/startup_SN32F400.s

Stack_Size 00000200

Symbol: Stack_Size
   Definitions
      At line 31 in file RTE/Device/SN32F407F/startup_SN32F400.s
   Uses
      At line 34 in file RTE/Device/SN32F407F/startup_SN32F400.s
      At line 231 in file RTE/Device/SN32F407F/startup_SN32F400.s

2 symbols



ARM Macro Assembler    Page 1 Alphabetic symbol ordering
External symbols

__main 00000000

Symbol: __main
   Definitions
      At line 125 in file RTE/Device/SN32F407F/startup_SN32F400.s
   Uses
      At line 128 in file RTE/Device/SN32F407F/startup_SN32F400.s
Comment: __main used once
__use_two_region_memory 00000000

Symbol: __use_two_region_memory
   Definitions
      At line 226 in file RTE/Device/SN32F407F/startup_SN32F400.s
   Uses
      None
Comment: __use_two_region_memory unused
2 symbols
386 symbols in table
